<?xml version="1.0" encoding="UTF-8"?>
<coverage generated="1651149414817" clover="3.2.0">
  <project timestamp="1651149414817" name="All files">
    <metrics statements="92" coveredstatements="56" conditionals="26" coveredconditionals="9" methods="17" coveredmethods="14" elements="135" coveredelements="79" complexity="0" loc="92" ncloc="92" packages="1" files="3" classes="3"/>
    <file name="TimeSeriesDeviationTracker.js" path="/Users/tomislavdrachev/forta-starter-kits/transaction-volume-anomaly-detection/src/TimeSeriesDeviationTracker.js">
      <metrics statements="36" coveredstatements="36" conditionals="10" coveredconditionals="8" methods="10" coveredmethods="10"/>
      <line num="14" count="2" type="stmt"/>
      <line num="15" count="2" type="stmt"/>
      <line num="19" count="12" type="stmt"/>
      <line num="20" count="12" type="stmt"/>
      <line num="21" count="12" type="stmt"/>
      <line num="22" count="12" type="stmt"/>
      <line num="23" count="12" type="stmt"/>
      <line num="24" count="12" type="stmt"/>
      <line num="25" count="12" type="stmt"/>
      <line num="26" count="12" type="stmt"/>
      <line num="37" count="27" type="cond" truecount="1" falsecount="1"/>
      <line num="38" count="27" type="stmt"/>
      <line num="39" count="27" type="stmt"/>
      <line num="44" count="9" type="stmt"/>
      <line num="48" count="231" type="cond" truecount="4" falsecount="0"/>
      <line num="49" count="27" type="stmt"/>
      <line num="50" count="27" type="stmt"/>
      <line num="54" count="27" type="stmt"/>
      <line num="55" count="204" type="cond" truecount="2" falsecount="0"/>
      <line num="56" count="195" type="stmt"/>
      <line num="57" count="9" type="cond" truecount="1" falsecount="1"/>
      <line num="58" count="9" type="stmt"/>
      <line num="59" count="9" type="stmt"/>
      <line num="74" count="27" type="stmt"/>
      <line num="75" count="27" type="stmt"/>
      <line num="76" count="27" type="stmt"/>
      <line num="100" count="1" type="stmt"/>
      <line num="104" count="1" type="stmt"/>
      <line num="108" count="1" type="stmt"/>
      <line num="112" count="1" type="stmt"/>
      <line num="113" count="1" type="stmt"/>
      <line num="114" count="1" type="stmt"/>
      <line num="118" count="1" type="stmt"/>
      <line num="120" count="1" type="stmt"/>
      <line num="124" count="2" type="stmt"/>
      <line num="128" count="2" type="stmt"/>
    </file>
    <file name="agent.config.js" path="/Users/tomislavdrachev/forta-starter-kits/transaction-volume-anomaly-detection/src/agent.config.js">
      <metrics statements="1" coveredstatements="1" conditionals="0" coveredconditionals="0" methods="0" coveredmethods="0"/>
      <line num="1" count="1" type="stmt"/>
    </file>
    <file name="agent.js" path="/Users/tomislavdrachev/forta-starter-kits/transaction-volume-anomaly-detection/src/agent.js">
      <metrics statements="55" coveredstatements="19" conditionals="16" coveredconditionals="1" methods="7" coveredmethods="4"/>
      <line num="7" count="1" type="stmt"/>
      <line num="9" count="1" type="stmt"/>
      <line num="10" count="1" type="stmt"/>
      <line num="11" count="1" type="stmt"/>
      <line num="12" count="1" type="stmt"/>
      <line num="13" count="1" type="stmt"/>
      <line num="14" count="1" type="stmt"/>
      <line num="15" count="1" type="stmt"/>
      <line num="16" count="1" type="stmt"/>
      <line num="17" count="1" type="stmt"/>
      <line num="18" count="1" type="stmt"/>
      <line num="20" count="1" type="stmt"/>
      <line num="21" count="0" type="stmt"/>
      <line num="22" count="0" type="stmt"/>
      <line num="23" count="0" type="stmt"/>
      <line num="28" count="0" type="stmt"/>
      <line num="31" count="0" type="stmt"/>
      <line num="32" count="0" type="stmt"/>
      <line num="33" count="0" type="stmt"/>
      <line num="39" count="0" type="stmt"/>
      <line num="48" count="2" type="stmt"/>
      <line num="49" count="2" type="stmt"/>
      <line num="50" count="2" type="stmt"/>
      <line num="51" count="2" type="cond" truecount="1" falsecount="1"/>
      <line num="53" count="0" type="stmt"/>
      <line num="54" count="0" type="stmt"/>
      <line num="55" count="0" type="cond" truecount="0" falsecount="2"/>
      <line num="56" count="0" type="stmt"/>
      <line num="57" count="0" type="cond" truecount="0" falsecount="2"/>
      <line num="58" count="0" type="stmt"/>
      <line num="62" count="2" type="stmt"/>
      <line num="67" count="2" type="stmt"/>
      <line num="68" count="0" type="stmt"/>
      <line num="69" count="0" type="cond" truecount="0" falsecount="2"/>
      <line num="70" count="0" type="stmt"/>
      <line num="73" count="0" type="cond" truecount="0" falsecount="2"/>
      <line num="74" count="0" type="stmt"/>
      <line num="77" count="0" type="stmt"/>
      <line num="81" count="0" type="stmt"/>
      <line num="82" count="0" type="stmt"/>
      <line num="83" count="0" type="stmt"/>
      <line num="84" count="0" type="stmt"/>
      <line num="86" count="0" type="stmt"/>
      <line num="87" count="0" type="stmt"/>
      <line num="88" count="0" type="cond" truecount="0" falsecount="2"/>
      <line num="105" count="0" type="cond" truecount="0" falsecount="2"/>
      <line num="106" count="0" type="stmt"/>
      <line num="109" count="0" type="stmt"/>
      <line num="111" count="0" type="cond" truecount="0" falsecount="2"/>
      <line num="112" count="0" type="stmt"/>
      <line num="114" count="0" type="stmt"/>
      <line num="115" count="0" type="stmt"/>
      <line num="134" count="0" type="stmt"/>
      <line num="135" count="0" type="stmt"/>
      <line num="138" count="1" type="stmt"/>
    </file>
  </project>
</coverage>
