{"/Users/tomislavdrachev/forta-starter-kits/transaction-volume-anomaly-detection/src/TimeSeriesDeviationTracker.js": {"path":"/Users/tomislavdrachev/forta-starter-kits/transaction-volume-anomaly-detection/src/TimeSeriesDeviationTracker.js","statementMap":{"0":{"start":{"line":14,"column":31},"end":{"line":14,"column":54}},"1":{"start":{"line":15,"column":20},"end":{"line":15,"column":43}},"2":{"start":{"line":19,"column":4},"end":{"line":19,"column":36}},"3":{"start":{"line":20,"column":4},"end":{"line":20,"column":31}},"4":{"start":{"line":21,"column":4},"end":{"line":21,"column":45}},"5":{"start":{"line":22,"column":4},"end":{"line":22,"column":24}},"6":{"start":{"line":23,"column":4},"end":{"line":23,"column":22}},"7":{"start":{"line":24,"column":4},"end":{"line":24,"column":26}},"8":{"start":{"line":25,"column":4},"end":{"line":25,"column":23}},"9":{"start":{"line":26,"column":4},"end":{"line":26,"column":19}},"10":{"start":{"line":37,"column":4},"end":{"line":40,"column":5}},"11":{"start":{"line":38,"column":6},"end":{"line":38,"column":41}},"12":{"start":{"line":39,"column":6},"end":{"line":39,"column":38}},"13":{"start":{"line":44,"column":4},"end":{"line":44,"column":36}},"14":{"start":{"line":48,"column":4},"end":{"line":60,"column":5}},"15":{"start":{"line":49,"column":6},"end":{"line":49,"column":40}},"16":{"start":{"line":50,"column":6},"end":{"line":50,"column":35}},"17":{"start":{"line":54,"column":6},"end":{"line":54,"column":19}},"18":{"start":{"line":55,"column":11},"end":{"line":60,"column":5}},"19":{"start":{"line":56,"column":6},"end":{"line":56,"column":19}},"20":{"start":{"line":57,"column":11},"end":{"line":60,"column":5}},"21":{"start":{"line":58,"column":6},"end":{"line":58,"column":19}},"22":{"start":{"line":59,"column":6},"end":{"line":59,"column":47}},"23":{"start":{"line":74,"column":4},"end":{"line":74,"column":48}},"24":{"start":{"line":75,"column":4},"end":{"line":75,"column":71}},"25":{"start":{"line":76,"column":4},"end":{"line":76,"column":19}},"26":{"start":{"line":100,"column":4},"end":{"line":100,"column":57}},"27":{"start":{"line":104,"column":4},"end":{"line":104,"column":49}},"28":{"start":{"line":108,"column":4},"end":{"line":108,"column":36}},"29":{"start":{"line":112,"column":24},"end":{"line":112,"column":25}},"30":{"start":{"line":113,"column":19},"end":{"line":113,"column":40}},"31":{"start":{"line":114,"column":4},"end":{"line":117,"column":33}},"32":{"start":{"line":118,"column":4},"end":{"line":118,"column":44}},"33":{"start":{"line":120,"column":4},"end":{"line":120,"column":25}},"34":{"start":{"line":124,"column":4},"end":{"line":124,"column":57}},"35":{"start":{"line":128,"column":0},"end":{"line":128,"column":36}}},"fnMap":{"0":{"name":"(anonymous_0)","decl":{"start":{"line":18,"column":2},"end":{"line":18,"column":3}},"loc":{"start":{"line":18,"column":42},"end":{"line":28,"column":3}},"line":18},"1":{"name":"(anonymous_1)","decl":{"start":{"line":36,"column":2},"end":{"line":36,"column":3}},"loc":{"start":{"line":36,"column":27},"end":{"line":41,"column":3}},"line":36},"2":{"name":"(anonymous_2)","decl":{"start":{"line":43,"column":2},"end":{"line":43,"column":3}},"loc":{"start":{"line":43,"column":34},"end":{"line":45,"column":3}},"line":43},"3":{"name":"(anonymous_3)","decl":{"start":{"line":47,"column":2},"end":{"line":47,"column":3}},"loc":{"start":{"line":47,"column":21},"end":{"line":61,"column":3}},"line":47},"4":{"name":"(anonymous_4)","decl":{"start":{"line":64,"column":2},"end":{"line":64,"column":3}},"loc":{"start":{"line":64,"column":20},"end":{"line":77,"column":3}},"line":64},"5":{"name":"(anonymous_5)","decl":{"start":{"line":99,"column":2},"end":{"line":99,"column":3}},"loc":{"start":{"line":99,"column":26},"end":{"line":101,"column":3}},"line":99},"6":{"name":"(anonymous_6)","decl":{"start":{"line":103,"column":2},"end":{"line":103,"column":3}},"loc":{"start":{"line":103,"column":26},"end":{"line":105,"column":3}},"line":103},"7":{"name":"(anonymous_7)","decl":{"start":{"line":107,"column":2},"end":{"line":107,"column":3}},"loc":{"start":{"line":107,"column":29},"end":{"line":109,"column":3}},"line":107},"8":{"name":"(anonymous_8)","decl":{"start":{"line":111,"column":2},"end":{"line":111,"column":3}},"loc":{"start":{"line":111,"column":33},"end":{"line":121,"column":3}},"line":111},"9":{"name":"(anonymous_9)","decl":{"start":{"line":123,"column":2},"end":{"line":123,"column":3}},"loc":{"start":{"line":123,"column":11},"end":{"line":125,"column":3}},"line":123}},"branchMap":{"0":{"loc":{"start":{"line":37,"column":4},"end":{"line":40,"column":5}},"type":"if","locations":[{"start":{"line":37,"column":4},"end":{"line":40,"column":5}},{"start":{},"end":{}}],"line":37},"1":{"loc":{"start":{"line":48,"column":4},"end":{"line":60,"column":5}},"type":"if","locations":[{"start":{"line":48,"column":4},"end":{"line":60,"column":5}},{"start":{"line":55,"column":11},"end":{"line":60,"column":5}}],"line":48},"2":{"loc":{"start":{"line":48,"column":8},"end":{"line":48,"column":70}},"type":"binary-expr","locations":[{"start":{"line":48,"column":8},"end":{"line":48,"column":44}},{"start":{"line":48,"column":48},"end":{"line":48,"column":70}}],"line":48},"3":{"loc":{"start":{"line":55,"column":11},"end":{"line":60,"column":5}},"type":"if","locations":[{"start":{"line":55,"column":11},"end":{"line":60,"column":5}},{"start":{"line":57,"column":11},"end":{"line":60,"column":5}}],"line":55},"4":{"loc":{"start":{"line":57,"column":11},"end":{"line":60,"column":5}},"type":"if","locations":[{"start":{"line":57,"column":11},"end":{"line":60,"column":5}},{"start":{},"end":{}}],"line":57}},"s":{"0":2,"1":2,"2":12,"3":12,"4":12,"5":12,"6":12,"7":12,"8":12,"9":12,"10":27,"11":27,"12":27,"13":9,"14":231,"15":27,"16":27,"17":27,"18":204,"19":195,"20":9,"21":9,"22":9,"23":27,"24":27,"25":27,"26":1,"27":1,"28":1,"29":1,"30":1,"31":1,"32":1,"33":1,"34":2,"35":2},"f":{"0":12,"1":27,"2":9,"3":231,"4":27,"5":1,"6":1,"7":1,"8":1,"9":2},"b":{"0":[27,0],"1":[27,204],"2":[231,36],"3":[195,9],"4":[9,0]},"_coverageSchema":"1a1c01bbd47fc00a2c39e90264f33305004495a9","hash":"a3034b4a85784f793b94580677cb55cf2c14f6c3"}
,"/Users/tomislavdrachev/forta-starter-kits/transaction-volume-anomaly-detection/src/agent.config.js": {"path":"/Users/tomislavdrachev/forta-starter-kits/transaction-volume-anomaly-detection/src/agent.config.js","statementMap":{"0":{"start":{"line":1,"column":0},"end":{"line":4,"column":2}}},"fnMap":{},"branchMap":{},"s":{"0":1},"f":{},"b":{},"_coverageSchema":"1a1c01bbd47fc00a2c39e90264f33305004495a9","hash":"a6188d2a89224fe95ff68986c28295f2c0305688"}
,"/Users/tomislavdrachev/forta-starter-kits/transaction-volume-anomaly-detection/src/agent.js": {"path":"/Users/tomislavdrachev/forta-starter-kits/transaction-volume-anomaly-detection/src/agent.js","statementMap":{"0":{"start":{"line":7,"column":4},"end":{"line":7,"column":26}},"1":{"start":{"line":9,"column":20},"end":{"line":9,"column":43}},"2":{"start":{"line":10,"column":18},"end":{"line":10,"column":41}},"3":{"start":{"line":11,"column":42},"end":{"line":11,"column":67}},"4":{"start":{"line":12,"column":26},"end":{"line":12,"column":62}},"5":{"start":{"line":13,"column":23},"end":{"line":13,"column":56}},"6":{"start":{"line":14,"column":27},"end":{"line":14,"column":66}},"7":{"start":{"line":15,"column":24},"end":{"line":15,"column":26}},"8":{"start":{"line":16,"column":24},"end":{"line":16,"column":26}},"9":{"start":{"line":17,"column":19},"end":{"line":17,"column":24}},"10":{"start":{"line":18,"column":20},"end":{"line":18,"column":22}},"11":{"start":{"line":20,"column":19},"end":{"line":41,"column":1}},"12":{"start":{"line":21,"column":33},"end":{"line":21,"column":65}},"13":{"start":{"line":22,"column":30},"end":{"line":22,"column":59}},"14":{"start":{"line":23,"column":25},"end":{"line":27,"column":3}},"15":{"start":{"line":28,"column":2},"end":{"line":28,"column":37}},"16":{"start":{"line":31,"column":2},"end":{"line":40,"column":3}},"17":{"start":{"line":32,"column":34},"end":{"line":32,"column":36}},"18":{"start":{"line":33,"column":4},"end":{"line":38,"column":6}},"19":{"start":{"line":39,"column":4},"end":{"line":39,"column":48}},"20":{"start":{"line":48,"column":2},"end":{"line":63,"column":4}},"21":{"start":{"line":49,"column":21},"end":{"line":49,"column":23}},"22":{"start":{"line":50,"column":18},"end":{"line":50,"column":64}},"23":{"start":{"line":50,"column":48},"end":{"line":50,"column":63}},"24":{"start":{"line":51,"column":4},"end":{"line":60,"column":5}},"25":{"start":{"line":53,"column":8},"end":{"line":53,"column":51}},"26":{"start":{"line":54,"column":25},"end":{"line":54,"column":66}},"27":{"start":{"line":55,"column":6},"end":{"line":59,"column":7}},"28":{"start":{"line":56,"column":8},"end":{"line":56,"column":69}},"29":{"start":{"line":57,"column":13},"end":{"line":59,"column":7}},"30":{"start":{"line":58,"column":8},"end":{"line":58,"column":65}},"31":{"start":{"line":62,"column":4},"end":{"line":62,"column":20}},"32":{"start":{"line":67,"column":2},"end":{"line":78,"column":4}},"33":{"start":{"line":68,"column":19},"end":{"line":68,"column":21}},"34":{"start":{"line":69,"column":4},"end":{"line":71,"column":5}},"35":{"start":{"line":70,"column":6},"end":{"line":70,"column":42}},"36":{"start":{"line":73,"column":4},"end":{"line":75,"column":5}},"37":{"start":{"line":74,"column":6},"end":{"line":74,"column":31}},"38":{"start":{"line":77,"column":4},"end":{"line":77,"column":20}},"39":{"start":{"line":81,"column":2},"end":{"line":81,"column":22}},"40":{"start":{"line":82,"column":19},"end":{"line":82,"column":21}},"41":{"start":{"line":83,"column":2},"end":{"line":132,"column":3}},"42":{"start":{"line":84,"column":38},"end":{"line":84,"column":77}},"43":{"start":{"line":86,"column":6},"end":{"line":86,"column":47}},"44":{"start":{"line":87,"column":39},"end":{"line":87,"column":76}},"45":{"start":{"line":88,"column":4},"end":{"line":104,"column":5}},"46":{"start":{"line":105,"column":4},"end":{"line":131,"column":5}},"47":{"start":{"line":106,"column":18},"end":{"line":106,"column":72}},"48":{"start":{"line":109,"column":8},"end":{"line":109,"column":67}},"49":{"start":{"line":111,"column":6},"end":{"line":130,"column":7}},"50":{"start":{"line":112,"column":22},"end":{"line":112,"column":76}},"51":{"start":{"line":114,"column":10},"end":{"line":114,"column":67}},"52":{"start":{"line":115,"column":8},"end":{"line":129,"column":10}},"53":{"start":{"line":134,"column":2},"end":{"line":134,"column":23}},"54":{"start":{"line":135,"column":2},"end":{"line":135,"column":27}},"55":{"start":{"line":138,"column":0},"end":{"line":149,"column":2}}},"fnMap":{"0":{"name":"(anonymous_0)","decl":{"start":{"line":20,"column":19},"end":{"line":20,"column":20}},"loc":{"start":{"line":20,"column":31},"end":{"line":41,"column":1}},"line":20},"1":{"name":"provideHandleTransaction","decl":{"start":{"line":43,"column":9},"end":{"line":43,"column":33}},"loc":{"start":{"line":47,"column":2},"end":{"line":64,"column":1}},"line":47},"2":{"name":"handleTransaction","decl":{"start":{"line":48,"column":24},"end":{"line":48,"column":41}},"loc":{"start":{"line":48,"column":51},"end":{"line":63,"column":3}},"line":48},"3":{"name":"(anonymous_3)","decl":{"start":{"line":50,"column":41},"end":{"line":50,"column":42}},"loc":{"start":{"line":50,"column":48},"end":{"line":50,"column":63}},"line":50},"4":{"name":"provideHandleBlock","decl":{"start":{"line":66,"column":9},"end":{"line":66,"column":27}},"loc":{"start":{"line":66,"column":45},"end":{"line":79,"column":1}},"line":66},"5":{"name":"handleBlock","decl":{"start":{"line":67,"column":24},"end":{"line":67,"column":35}},"loc":{"start":{"line":67,"column":48},"end":{"line":78,"column":3}},"line":67},"6":{"name":"runJob","decl":{"start":{"line":80,"column":15},"end":{"line":80,"column":21}},"loc":{"start":{"line":80,"column":51},"end":{"line":136,"column":1}},"line":80}},"branchMap":{"0":{"loc":{"start":{"line":51,"column":4},"end":{"line":60,"column":5}},"type":"if","locations":[{"start":{"line":51,"column":4},"end":{"line":60,"column":5}},{"start":{},"end":{}}],"line":51},"1":{"loc":{"start":{"line":55,"column":6},"end":{"line":59,"column":7}},"type":"if","locations":[{"start":{"line":55,"column":6},"end":{"line":59,"column":7}},{"start":{"line":57,"column":13},"end":{"line":59,"column":7}}],"line":55},"2":{"loc":{"start":{"line":57,"column":13},"end":{"line":59,"column":7}},"type":"if","locations":[{"start":{"line":57,"column":13},"end":{"line":59,"column":7}},{"start":{},"end":{}}],"line":57},"3":{"loc":{"start":{"line":69,"column":4},"end":{"line":71,"column":5}},"type":"if","locations":[{"start":{"line":69,"column":4},"end":{"line":71,"column":5}},{"start":{},"end":{}}],"line":69},"4":{"loc":{"start":{"line":73,"column":4},"end":{"line":75,"column":5}},"type":"if","locations":[{"start":{"line":73,"column":4},"end":{"line":75,"column":5}},{"start":{},"end":{}}],"line":73},"5":{"loc":{"start":{"line":88,"column":4},"end":{"line":104,"column":5}},"type":"if","locations":[{"start":{"line":88,"column":4},"end":{"line":104,"column":5}},{"start":{},"end":{}}],"line":88},"6":{"loc":{"start":{"line":105,"column":4},"end":{"line":131,"column":5}},"type":"if","locations":[{"start":{"line":105,"column":4},"end":{"line":131,"column":5}},{"start":{},"end":{}}],"line":105},"7":{"loc":{"start":{"line":111,"column":6},"end":{"line":130,"column":7}},"type":"if","locations":[{"start":{"line":111,"column":6},"end":{"line":130,"column":7}},{"start":{},"end":{}}],"line":111}},"s":{"0":1,"1":1,"2":1,"3":1,"4":1,"5":1,"6":1,"7":1,"8":1,"9":1,"10":1,"11":1,"12":0,"13":0,"14":0,"15":0,"16":0,"17":0,"18":0,"19":0,"20":2,"21":2,"22":2,"23":2,"24":2,"25":0,"26":0,"27":0,"28":0,"29":0,"30":0,"31":2,"32":2,"33":0,"34":0,"35":0,"36":0,"37":0,"38":0,"39":0,"40":0,"41":0,"42":0,"43":0,"44":0,"45":0,"46":0,"47":0,"48":0,"49":0,"50":0,"51":0,"52":0,"53":0,"54":0,"55":1},"f":{"0":0,"1":2,"2":2,"3":2,"4":2,"5":0,"6":0},"b":{"0":[0,2],"1":[0,0],"2":[0,0],"3":[0,0],"4":[0,0],"5":[0,0],"6":[0,0],"7":[0,0]},"_coverageSchema":"1a1c01bbd47fc00a2c39e90264f33305004495a9","hash":"5d33178832bf7201cfcf94e67e993a96291b905d"}
}
