TN:
SF:src/TimeSeriesDeviationTracker.js
FN:18,(anonymous_0)
FN:36,(anonymous_1)
FN:43,(anonymous_2)
FN:47,(anonymous_3)
FN:64,(anonymous_4)
FN:99,(anonymous_5)
FN:103,(anonymous_6)
FN:107,(anonymous_7)
FN:111,(anonymous_8)
FN:123,(anonymous_9)
FNF:10
FNH:10
FNDA:12,(anonymous_0)
FNDA:27,(anonymous_1)
FNDA:9,(anonymous_2)
FNDA:231,(anonymous_3)
FNDA:27,(anonymous_4)
FNDA:1,(anonymous_5)
FNDA:1,(anonymous_6)
FNDA:1,(anonymous_7)
FNDA:1,(anonymous_8)
FNDA:2,(anonymous_9)
DA:14,2
DA:15,2
DA:19,12
DA:20,12
DA:21,12
DA:22,12
DA:23,12
DA:24,12
DA:25,12
DA:26,12
DA:37,27
DA:38,27
DA:39,27
DA:44,9
DA:48,231
DA:49,27
DA:50,27
DA:54,27
DA:55,204
DA:56,195
DA:57,9
DA:58,9
DA:59,9
DA:74,27
DA:75,27
DA:76,27
DA:100,1
DA:104,1
DA:108,1
DA:112,1
DA:113,1
DA:114,1
DA:118,1
DA:120,1
DA:124,2
DA:128,2
LF:36
LH:36
BRDA:37,0,0,27
BRDA:37,0,1,0
BRDA:48,1,0,27
BRDA:48,1,1,204
BRDA:48,2,0,231
BRDA:48,2,1,36
BRDA:55,3,0,195
BRDA:55,3,1,9
BRDA:57,4,0,9
BRDA:57,4,1,0
BRF:10
BRH:8
end_of_record
TN:
SF:src/agent.config.js
FNF:0
FNH:0
DA:1,1
LF:1
LH:1
BRF:0
BRH:0
end_of_record
TN:
SF:src/agent.js
FN:20,(anonymous_0)
FN:43,provideHandleTransaction
FN:48,handleTransaction
FN:50,(anonymous_3)
FN:66,provideHandleBlock
FN:67,handleBlock
FN:80,runJob
FNF:7
FNH:4
FNDA:0,(anonymous_0)
FNDA:2,provideHandleTransaction
FNDA:2,handleTransaction
FNDA:2,(anonymous_3)
FNDA:2,provideHandleBlock
FNDA:0,handleBlock
FNDA:0,runJob
DA:7,1
DA:9,1
DA:10,1
DA:11,1
DA:12,1
DA:13,1
DA:14,1
DA:15,1
DA:16,1
DA:17,1
DA:18,1
DA:20,1
DA:21,0
DA:22,0
DA:23,0
DA:28,0
DA:31,0
DA:32,0
DA:33,0
DA:39,0
DA:48,2
DA:49,2
DA:50,2
DA:51,2
DA:53,0
DA:54,0
DA:55,0
DA:56,0
DA:57,0
DA:58,0
DA:62,2
DA:67,2
DA:68,0
DA:69,0
DA:70,0
DA:73,0
DA:74,0
DA:77,0
DA:81,0
DA:82,0
DA:83,0
DA:84,0
DA:86,0
DA:87,0
DA:88,0
DA:105,0
DA:106,0
DA:109,0
DA:111,0
DA:112,0
DA:114,0
DA:115,0
DA:134,0
DA:135,0
DA:138,1
LF:55
LH:19
BRDA:51,0,0,0
BRDA:51,0,1,2
BRDA:55,1,0,0
BRDA:55,1,1,0
BRDA:57,2,0,0
BRDA:57,2,1,0
BRDA:69,3,0,0
BRDA:69,3,1,0
BRDA:73,4,0,0
BRDA:73,4,1,0
BRDA:88,5,0,0
BRDA:88,5,1,0
BRDA:105,6,0,0
BRDA:105,6,1,0
BRDA:111,7,0,0
BRDA:111,7,1,0
BRF:16
BRH:1
end_of_record
